<?xml version="1.0" encoding="UTF-8"?>
<!-- Generated by org.testng.reporters.JUnitReportReporter -->
<testsuite hostname="HarishH02" failures="0" tests="2" name="testscripts.Exepom" time="21.400" errors="0" timestamp="2024-04-21T23:14:30 EDT" skipped="0">
  <testcase classname="testscripts.Exepom" name="MainCategories" time="18.521"/>
  <system-out/>
  <testcase classname="testscripts.Exepom" name="wishListTestCase" time="2.879"/>
  <system-out/>
</testsuite> <!-- testscripts.Exepom -->
