<?xml version="1.0" encoding="UTF-8"?>
<!-- Generated by org.testng.reporters.JUnitReportReporter -->
<testsuite hostname="HarishH02" failures="0" tests="1" name="testscripts.Verify_If_Mens_link_isclickable" time="8.697" errors="0" timestamp="2024-04-19T13:42:45 EDT" skipped="0">
  <testcase classname="testscripts.Verify_If_Mens_link_isclickable" name="wishListTestCase" time="8.697"/>
  <system-out/>
</testsuite> <!-- testscripts.Verify_If_Mens_link_isclickable -->
